[2025-05-16 13:20:22.548] _on_listbox_select_debounced called.
[2025-05-16 13:20:22.548] Cancelled previous _perform_detail_update timer: after#8196
[2025-05-16 13:20:22.549] Scheduled _perform_detail_update in 50ms. ID: after#25405
[2025-05-16 13:20:22.598] _perform_detail_update called (actual execution).
[2025-05-16 13:20:22.600] _perform_detail_update: Current selection tuple (after delay): (1,)
[2025-05-16 13:20:22.602] _perform_detail_update: Item selected at listbox index 1.
[2025-05-16 13:20:22.602] _perform_detail_update: Found report object for index 1: ID=3, Title='ggggg'
[2025-05-16 13:20:22.602] _perform_detail_update: Details panel updated successfully.
[2025-05-16 13:20:22.603] _perform_detail_update finished.
[2025-05-16 13:20:23.139] _on_listbox_select_debounced called.
[2025-05-16 13:20:23.140] Cancelled previous _perform_detail_update timer: after#25405
[2025-05-16 13:20:23.140] Scheduled _perform_detail_update in 50ms. ID: after#25643
[2025-05-16 13:20:23.190] _perform_detail_update called (actual execution).
[2025-05-16 13:20:23.190] _perform_detail_update: Current selection tuple (after delay): (0,)
[2025-05-16 13:20:23.190] _perform_detail_update: Item selected at listbox index 0.
[2025-05-16 13:20:23.191] _perform_detail_update: Found report object for index 0: ID=4, Title='ggggg'
[2025-05-16 13:20:23.191] _perform_detail_update: Details panel updated successfully.
[2025-05-16 13:20:23.191] _perform_detail_update finished.
[2025-05-16 13:20:23.986] _update_selected_report_status called.
[2025-05-16 13:20:23.987] Attempting to update report at listbox index 0 to status 'Open'.
[2025-05-16 13:20:23.987] Unbound <<ListboxSelect>> temporarily.
[2025-05-16 13:20:23.987] Report ID to update: 4
[2025-05-16 13:20:23.987] Found report object to update (ID: 4). Setting status to 'Open'.
[2025-05-16 13:20:23.988] Attempting to save reports to bug_reports.json
[2025-05-16 13:20:23.988] Successfully saved reports.
[2025-05-16 13:20:23.988] Reports saved after status update.
[2025-05-16 13:20:23.989] Populating reports listbox.
[2025-05-16 13:20:23.989] Inserting 4 items into listbox.
[2025-05-16 13:20:23.989] Finished populating listbox.
[2025-05-16 13:20:23.989] Listbox repopulated after status update.
[2025-05-16 13:20:23.990] New listbox index for report ID 4 found: 0.
[2025-05-16 13:20:23.990] Listbox selection set to index 0 and made visible.
[2025-05-16 13:20:23.990] Calling _on_report_select MANUALLY to refresh details panel.
[2025-05-16 13:20:23.992] _update_selected_report_status: Exception occurred: 'BugReportManager' object has no attribute '_on_report_select'
Traceback (most recent call last):
  File "C:\Users\Vegas Manager\Desktop\kiosk-2.0\admin\bug_report_manager.py", line 480, in _update_selected_report_status
    self._on_report_select() # This call will use the current selection (or lack thereof)
    ^^^^^^^^^^^^^^^^^^^^^^
AttributeError: 'BugReportManager' object has no attribute '_on_report_select'

[2025-05-16 13:20:30.550] Rebound <<ListboxSelect>>.
[2025-05-16 13:22:23.377] BugReportManager initialized.
[2025-05-16 13:22:23.377] Attempting to load reports from bug_reports.json
[2025-05-16 13:22:23.378] Successfully loaded reports.
[2025-05-16 13:22:23.378] Loaded 4 bug reports.
[2025-05-16 13:22:24.506] Opening report submission popup.
[2025-05-16 13:22:26.114] Opening browse reports popup.
[2025-05-16 13:22:26.125] Populating reports listbox.
[2025-05-16 13:22:26.125] Inserting 4 items into listbox.
[2025-05-16 13:22:26.126] Finished populating listbox.
[2025-05-16 13:22:26.129] _perform_detail_update called (actual execution).
[2025-05-16 13:22:26.130] _perform_detail_update: Current selection tuple (after delay): ()
[2025-05-16 13:22:26.130] _perform_detail_update: No item selected. Clearing details panel.
[2025-05-16 13:22:26.131] _perform_detail_update finished.
[2025-05-16 13:22:26.660] _on_listbox_select_debounced called.
[2025-05-16 13:22:26.660] Scheduled _perform_detail_update in 50ms. ID: after#1020
[2025-05-16 13:22:26.711] _perform_detail_update called (actual execution).
[2025-05-16 13:22:26.711] _perform_detail_update: Current selection tuple (after delay): (1,)
[2025-05-16 13:22:26.712] _perform_detail_update: Item selected at listbox index 1.
[2025-05-16 13:22:26.712] _perform_detail_update: Stored currently_selected_report_id_for_update: 3
[2025-05-16 13:22:26.712] _perform_detail_update: Details panel updated successfully.
[2025-05-16 13:22:26.713] _perform_detail_update finished.
[2025-05-16 13:22:27.414] Combobox <FocusIn>.
[2025-05-16 13:22:27.421] Combobox <FocusOut>.
[2025-05-16 13:22:27.571] Resetting combobox_active flag to False.
[2025-05-16 13:22:28.003] Combobox <<ComboboxSelected>>. Value: In Progress
[2025-05-16 13:22:28.004] Combobox <FocusIn>.
[2025-05-16 13:22:28.004] _on_listbox_select_debounced called.
[2025-05-16 13:22:28.005] _on_listbox_select_debounced: Combobox is active and listbox selection is empty. IGNORING this selection event to prevent panel clear.
[2025-05-16 13:22:32.851] _on_listbox_select_debounced called.
[2025-05-16 13:22:32.852] Cancelled previous _perform_detail_update timer: after#1020
[2025-05-16 13:22:32.853] Scheduled _perform_detail_update in 50ms. ID: after#3007
[2025-05-16 13:22:32.855] Combobox <FocusOut>.
[2025-05-16 13:22:32.904] _perform_detail_update called (actual execution).
[2025-05-16 13:22:32.904] _perform_detail_update: Current selection tuple (after delay): (1,)
[2025-05-16 13:22:32.904] _perform_detail_update: Item selected at listbox index 1.
[2025-05-16 13:22:32.904] _perform_detail_update: Stored currently_selected_report_id_for_update: 3
[2025-05-16 13:22:32.905] _perform_detail_update: Details panel updated successfully.
[2025-05-16 13:22:32.905] _perform_detail_update finished.
[2025-05-16 13:22:33.005] Resetting combobox_active flag to False.
[2025-05-16 13:22:33.737] Combobox <FocusIn>.
[2025-05-16 13:22:33.742] Combobox <FocusOut>.
[2025-05-16 13:22:33.893] Resetting combobox_active flag to False.
[2025-05-16 13:22:34.675] Combobox <<ComboboxSelected>>. Value: In Progress
[2025-05-16 13:22:34.676] Combobox <FocusIn>.
[2025-05-16 13:22:34.676] _on_listbox_select_debounced called.
[2025-05-16 13:22:34.676] _on_listbox_select_debounced: Combobox is active and listbox selection is empty. IGNORING this selection event to prevent panel clear.
[2025-05-16 13:22:35.748] Combobox <FocusOut>.
[2025-05-16 13:22:35.801] _update_selected_report_status called.
[2025-05-16 13:22:35.802] Attempting to update report ID 3 to status 'In Progress'.
[2025-05-16 13:22:35.802] Unbound <<ListboxSelect>> temporarily for update.
[2025-05-16 13:22:35.803] Found report object to update (ID: 3). Setting status to 'In Progress'.
[2025-05-16 13:22:35.803] Attempting to save reports to bug_reports.json
[2025-05-16 13:22:35.804] Successfully saved reports.
[2025-05-16 13:22:35.804] Reports saved after status update.
[2025-05-16 13:22:35.805] Populating reports listbox.
[2025-05-16 13:22:35.805] Inserting 4 items into listbox.
[2025-05-16 13:22:35.806] Finished populating listbox.
[2025-05-16 13:22:35.806] Listbox repopulated after status update.
[2025-05-16 13:22:35.806] New listbox index for report ID 3 found: 1.
[2025-05-16 13:22:35.806] Listbox selection set to index 1 and made visible.
[2025-05-16 13:22:35.806] Calling _perform_detail_update MANUALLY to refresh details panel after update.
[2025-05-16 13:22:35.807] _perform_detail_update called (actual execution).
[2025-05-16 13:22:35.807] _perform_detail_update: Current selection tuple (after delay): (1,)
[2025-05-16 13:22:35.807] _perform_detail_update: Item selected at listbox index 1.
[2025-05-16 13:22:35.807] _perform_detail_update: Stored currently_selected_report_id_for_update: 3
[2025-05-16 13:22:35.808] _perform_detail_update: Details panel updated successfully.
[2025-05-16 13:22:35.808] _perform_detail_update finished.
[2025-05-16 13:22:35.905] Resetting combobox_active flag to False.
[2025-05-16 13:22:36.822] Status update successful and details refreshed.
[2025-05-16 13:22:36.822] Rebound <<ListboxSelect>> to debounced handler.
[2025-05-16 13:22:37.893] _on_listbox_select_debounced called.
[2025-05-16 13:22:37.893] Cancelled previous _perform_detail_update timer: after#3007
[2025-05-16 13:22:37.893] Scheduled _perform_detail_update in 50ms. ID: after#4646
[2025-05-16 13:22:37.944] _perform_detail_update called (actual execution).
[2025-05-16 13:22:37.944] _perform_detail_update: Current selection tuple (after delay): (2,)
[2025-05-16 13:22:37.945] _perform_detail_update: Item selected at listbox index 2.
[2025-05-16 13:22:37.945] _perform_detail_update: Stored currently_selected_report_id_for_update: 2
[2025-05-16 13:22:37.946] _perform_detail_update: Details panel updated successfully.
[2025-05-16 13:22:37.946] _perform_detail_update finished.
[2025-05-16 13:22:38.228] _on_listbox_select_debounced called.
[2025-05-16 13:22:38.228] Cancelled previous _perform_detail_update timer: after#4646
[2025-05-16 13:22:38.228] Scheduled _perform_detail_update in 50ms. ID: after#4768
[2025-05-16 13:22:38.278] _perform_detail_update called (actual execution).
[2025-05-16 13:22:38.279] _perform_detail_update: Current selection tuple (after delay): (3,)
[2025-05-16 13:22:38.280] _perform_detail_update: Item selected at listbox index 3.
[2025-05-16 13:22:38.281] _perform_detail_update: Stored currently_selected_report_id_for_update: 1
[2025-05-16 13:22:38.281] _perform_detail_update: Details panel updated successfully.
[2025-05-16 13:22:38.282] _perform_detail_update finished.
[2025-05-16 13:22:38.947] _on_listbox_select_debounced called.
[2025-05-16 13:22:38.947] Cancelled previous _perform_detail_update timer: after#4768
[2025-05-16 13:22:38.947] Scheduled _perform_detail_update in 50ms. ID: after#4984
[2025-05-16 13:22:38.998] _perform_detail_update called (actual execution).
[2025-05-16 13:22:38.998] _perform_detail_update: Current selection tuple (after delay): (1,)
[2025-05-16 13:22:38.999] _perform_detail_update: Item selected at listbox index 1.
[2025-05-16 13:22:38.999] _perform_detail_update: Stored currently_selected_report_id_for_update: 3
[2025-05-16 13:22:39.000] _perform_detail_update: Details panel updated successfully.
[2025-05-16 13:22:39.000] _perform_detail_update finished.
[2025-05-16 13:22:39.451] _on_listbox_select_debounced called.
[2025-05-16 13:22:39.451] Cancelled previous _perform_detail_update timer: after#4984
[2025-05-16 13:22:39.451] Scheduled _perform_detail_update in 50ms. ID: after#5218
[2025-05-16 13:22:39.501] _perform_detail_update called (actual execution).
[2025-05-16 13:22:39.501] _perform_detail_update: Current selection tuple (after delay): (0,)
[2025-05-16 13:22:39.502] _perform_detail_update: Item selected at listbox index 0.
[2025-05-16 13:22:39.502] _perform_detail_update: Stored currently_selected_report_id_for_update: 4
[2025-05-16 13:22:39.502] _perform_detail_update: Details panel updated successfully.
[2025-05-16 13:22:39.503] _perform_detail_update finished.
[2025-05-16 13:22:42.376] Combobox <FocusIn>.
[2025-05-16 13:22:42.381] Combobox <FocusOut>.
[2025-05-16 13:22:42.532] Resetting combobox_active flag to False.
[2025-05-16 13:22:43.491] Combobox <<ComboboxSelected>>. Value: Won't Fix
[2025-05-16 13:22:43.491] Combobox <FocusIn>.
[2025-05-16 13:22:43.492] _on_listbox_select_debounced called.
[2025-05-16 13:22:43.492] _on_listbox_select_debounced: Combobox is active and listbox selection is empty. IGNORING this selection event to prevent panel clear.
[2025-05-16 13:22:44.108] Combobox <FocusOut>.
[2025-05-16 13:22:44.186] _update_selected_report_status called.
[2025-05-16 13:22:44.187] Attempting to update report ID 4 to status 'Won't Fix'.
[2025-05-16 13:22:44.187] Unbound <<ListboxSelect>> temporarily for update.
[2025-05-16 13:22:44.187] Found report object to update (ID: 4). Setting status to 'Won't Fix'.
[2025-05-16 13:22:44.188] Attempting to save reports to bug_reports.json
[2025-05-16 13:22:44.189] Successfully saved reports.
[2025-05-16 13:22:44.189] Reports saved after status update.
[2025-05-16 13:22:44.189] Populating reports listbox.
[2025-05-16 13:22:44.190] Inserting 4 items into listbox.
[2025-05-16 13:22:44.190] Finished populating listbox.
[2025-05-16 13:22:44.190] Listbox repopulated after status update.
[2025-05-16 13:22:44.190] New listbox index for report ID 4 found: 0.
[2025-05-16 13:22:44.191] Listbox selection set to index 0 and made visible.
[2025-05-16 13:22:44.191] Calling _perform_detail_update MANUALLY to refresh details panel after update.
[2025-05-16 13:22:44.191] _perform_detail_update called (actual execution).
[2025-05-16 13:22:44.191] _perform_detail_update: Current selection tuple (after delay): (0,)
[2025-05-16 13:22:44.192] _perform_detail_update: Item selected at listbox index 0.
[2025-05-16 13:22:44.192] _perform_detail_update: Stored currently_selected_report_id_for_update: 4
[2025-05-16 13:22:44.192] _perform_detail_update: Details panel updated successfully.
[2025-05-16 13:22:44.192] _perform_detail_update finished.
[2025-05-16 13:22:44.262] Resetting combobox_active flag to False.
[2025-05-16 13:22:47.206] Status update successful and details refreshed.
[2025-05-16 13:22:47.206] Rebound <<ListboxSelect>> to debounced handler.
[2025-05-16 13:25:04.122] BugReportManager initialized.
[2025-05-16 13:25:04.122] Attempting to load reports from bug_reports.json
[2025-05-16 13:25:04.130] Successfully loaded reports.
[2025-05-16 13:25:04.130] Loaded 4 bug reports.
[2025-05-16 13:25:06.698] Opening report submission popup.
[2025-05-16 13:25:08.289] Opening browse reports popup.
[2025-05-16 13:25:08.301] Populating reports listbox.
[2025-05-16 13:25:08.301] Inserting 4 items into listbox, sorted by status then ID (desc).
[2025-05-16 13:25:08.303] Finished populating listbox.
[2025-05-16 13:25:08.306] _perform_detail_update called (actual execution).
[2025-05-16 13:25:08.307] _perform_detail_update: Current selection tuple (after delay): ()
[2025-05-16 13:25:08.307] _perform_detail_update: No item selected. Clearing details panel.
[2025-05-16 13:25:08.308] _perform_detail_update finished.
[2025-05-16 13:25:09.110] _on_listbox_select_debounced called.
[2025-05-16 13:25:09.111] Scheduled _perform_detail_update in 50ms. ID: after#1605
[2025-05-16 13:25:09.162] _perform_detail_update called (actual execution).
[2025-05-16 13:25:09.162] _perform_detail_update: Current selection tuple (after delay): (3,)
[2025-05-16 13:25:09.162] _perform_detail_update: Item selected at listbox index 3.
[2025-05-16 13:25:09.163] _perform_detail_update: Stored currently_selected_report_id_for_update: 4
[2025-05-16 13:25:09.163] _perform_detail_update: Details panel updated successfully.
[2025-05-16 13:25:09.164] _perform_detail_update finished.
[2025-05-16 13:25:09.770] _on_listbox_select_debounced called.
[2025-05-16 13:25:09.772] Cancelled previous _perform_detail_update timer: after#1605
[2025-05-16 13:25:09.773] Scheduled _perform_detail_update in 50ms. ID: after#1836
[2025-05-16 13:25:09.823] _perform_detail_update called (actual execution).
[2025-05-16 13:25:09.824] _perform_detail_update: Current selection tuple (after delay): (3,)
[2025-05-16 13:25:09.825] _perform_detail_update: Item selected at listbox index 3.
[2025-05-16 13:25:09.825] _perform_detail_update: Stored currently_selected_report_id_for_update: 4
[2025-05-16 13:25:09.826] _perform_detail_update: Details panel updated successfully.
[2025-05-16 13:25:09.827] _perform_detail_update finished.
[2025-05-16 13:25:10.259] _on_listbox_select_debounced called.
[2025-05-16 13:25:10.259] Cancelled previous _perform_detail_update timer: after#1836
[2025-05-16 13:25:10.260] Scheduled _perform_detail_update in 50ms. ID: after#1949
[2025-05-16 13:25:10.310] _perform_detail_update called (actual execution).
[2025-05-16 13:25:10.310] _perform_detail_update: Current selection tuple (after delay): (2,)
[2025-05-16 13:25:10.311] _perform_detail_update: Item selected at listbox index 2.
[2025-05-16 13:25:10.311] _perform_detail_update: Stored currently_selected_report_id_for_update: 3
[2025-05-16 13:25:10.312] _perform_detail_update: Details panel updated successfully.
[2025-05-16 13:25:10.313] _perform_detail_update finished.
[2025-05-16 13:25:10.707] _on_listbox_select_debounced called.
[2025-05-16 13:25:10.709] Cancelled previous _perform_detail_update timer: after#1949
[2025-05-16 13:25:10.709] Scheduled _perform_detail_update in 50ms. ID: after#2122
[2025-05-16 13:25:10.760] _perform_detail_update called (actual execution).
[2025-05-16 13:25:10.761] _perform_detail_update: Current selection tuple (after delay): (1,)
[2025-05-16 13:25:10.762] _perform_detail_update: Item selected at listbox index 1.
[2025-05-16 13:25:10.763] _perform_detail_update: Stored currently_selected_report_id_for_update: 1
[2025-05-16 13:25:10.765] _perform_detail_update: Details panel updated successfully.
[2025-05-16 13:25:10.766] _perform_detail_update finished.
[2025-05-16 13:25:11.082] _on_listbox_select_debounced called.
[2025-05-16 13:25:11.083] Cancelled previous _perform_detail_update timer: after#2122
[2025-05-16 13:25:11.085] Scheduled _perform_detail_update in 50ms. ID: after#2250
[2025-05-16 13:25:11.135] _perform_detail_update called (actual execution).
[2025-05-16 13:25:11.137] _perform_detail_update: Current selection tuple (after delay): (0,)
[2025-05-16 13:25:11.138] _perform_detail_update: Item selected at listbox index 0.
[2025-05-16 13:25:11.139] _perform_detail_update: Stored currently_selected_report_id_for_update: 2
[2025-05-16 13:25:11.140] _perform_detail_update: Details panel updated successfully.
[2025-05-16 13:25:11.141] _perform_detail_update finished.
[2025-05-16 13:28:37.386] BugReportManager initialized.
[2025-05-16 13:28:37.386] Attempting to load reports from bug_reports.json
[2025-05-16 13:28:37.386] Successfully loaded reports.
[2025-05-16 13:28:37.386] Loaded 4 bug reports.
[2025-05-16 13:28:38.282] Opening report submission popup.
[2025-05-16 13:28:39.594] Opening browse reports popup.
[2025-05-16 13:28:39.603] Populating reports listbox with status grouping and colors.
[2025-05-16 13:30:22.863] BugReportManager initialized.
[2025-05-16 13:30:22.864] Attempting to load reports from bug_reports.json
[2025-05-16 13:30:22.864] Successfully loaded reports.
[2025-05-16 13:30:22.864] Loaded 4 bug reports.
[2025-05-16 13:30:25.138] Opening report submission popup.
[2025-05-16 13:30:27.225] Opening browse reports popup.
[2025-05-16 13:30:27.237] Populating reports listbox with status grouping and colors.
[2025-05-16 13:32:01.157] BugReportManager initialized.
[2025-05-16 13:32:01.157] Attempting to load reports from bug_reports.json
[2025-05-16 13:32:01.158] Successfully loaded reports.
[2025-05-16 13:32:01.158] Loaded 4 bug reports.
[2025-05-16 13:32:06.361] Opening report submission popup.
[2025-05-16 13:32:07.257] Opening browse reports popup.
[2025-05-16 13:32:07.269] Populating reports listbox with status grouping and colors.
[2025-05-16 13:32:07.270] Finished populating listbox with grouped and colored items.
[2025-05-16 13:32:07.273] _perform_detail_update called (actual execution).
[2025-05-16 13:32:07.273] _perform_detail_update: Current selection tuple (after delay): ()
[2025-05-16 13:32:07.274] _perform_detail_update: No item selected. Clearing details panel.
[2025-05-16 13:32:07.275] _perform_detail_update finished.
[2025-05-16 13:32:12.519] _on_listbox_select_debounced called.
[2025-05-16 13:32:12.519] Scheduled _perform_detail_update in 50ms. ID: after#3615
[2025-05-16 13:32:12.569] _perform_detail_update called (actual execution).
[2025-05-16 13:32:12.569] _perform_detail_update: Current selection tuple (after delay): (2,)
[2025-05-16 13:32:12.570] _perform_detail_update: Item selected: '1 | 2025-05-16 12:58:55 | jfghjfghjfgh | By: jfghjfgh' at index 2.
[2025-05-16 13:32:12.570] _perform_detail_update: Stored currently_selected_report_id_for_update: 1
[2025-05-16 13:32:12.570] _perform_detail_update: Details panel updated successfully for report.
[2025-05-16 13:32:12.571] _perform_detail_update finished.
[2025-05-16 13:32:13.286] Combobox <FocusIn>.
[2025-05-16 13:32:13.292] Combobox <FocusOut>.
[2025-05-16 13:32:13.444] Resetting combobox_active flag to False.
[2025-05-16 13:32:14.762] Combobox <<ComboboxSelected>>. Value: Resolved
[2025-05-16 13:32:14.763] Combobox <FocusIn>.
[2025-05-16 13:32:14.763] _on_listbox_select_debounced called.
[2025-05-16 13:32:14.764] _on_listbox_select_debounced: Combobox is active and listbox selection is empty. IGNORING this selection event to prevent panel clear.
[2025-05-16 13:32:14.764] Cancelled previous _perform_detail_update timer: after#3615
[2025-05-16 13:32:14.764] Scheduled _perform_detail_update in 50ms. ID: after#4404
[2025-05-16 13:32:14.815] _perform_detail_update called (actual execution).
[2025-05-16 13:32:14.815] _perform_detail_update: Current selection tuple (after delay): ()
[2025-05-16 13:32:14.815] _perform_detail_update: No item selected. Clearing details panel.
[2025-05-16 13:32:14.816] _perform_detail_update finished.
[2025-05-16 13:32:15.635] Combobox <FocusOut>.
[2025-05-16 13:32:15.722] _update_selected_report_status called.
[2025-05-16 13:32:15.722] No report ID stored for update.
[2025-05-16 13:32:15.791] Resetting combobox_active flag to False.
[2025-05-16 13:32:17.282] _on_listbox_select_debounced called.
[2025-05-16 13:32:17.282] Cancelled previous _perform_detail_update timer: after#4404
[2025-05-16 13:32:17.282] Scheduled _perform_detail_update in 50ms. ID: after#5174
[2025-05-16 13:32:17.334] _perform_detail_update called (actual execution).
[2025-05-16 13:32:17.334] _perform_detail_update: Current selection tuple (after delay): (2,)
[2025-05-16 13:32:17.335] _perform_detail_update: Item selected: '1 | 2025-05-16 12:58:55 | jfghjfghjfgh | By: jfghjfgh' at index 2.
[2025-05-16 13:32:17.335] _perform_detail_update: Stored currently_selected_report_id_for_update: 1
[2025-05-16 13:32:17.336] _perform_detail_update: Details panel updated successfully for report.
[2025-05-16 13:32:17.336] _perform_detail_update finished.
[2025-05-16 13:32:18.223] Combobox <FocusIn>.
[2025-05-16 13:32:18.229] Combobox <FocusOut>.
[2025-05-16 13:32:18.380] Resetting combobox_active flag to False.
[2025-05-16 13:32:19.146] Combobox <<ComboboxSelected>>. Value: Resolved
[2025-05-16 13:32:19.147] Combobox <FocusIn>.
[2025-05-16 13:32:19.147] _on_listbox_select_debounced called.
[2025-05-16 13:32:19.148] _on_listbox_select_debounced: Combobox is active and listbox selection is empty. IGNORING this selection event to prevent panel clear.
[2025-05-16 13:32:19.148] Cancelled previous _perform_detail_update timer: after#5174
[2025-05-16 13:32:19.148] Scheduled _perform_detail_update in 50ms. ID: after#5783
[2025-05-16 13:32:19.198] _perform_detail_update called (actual execution).
[2025-05-16 13:32:19.199] _perform_detail_update: Current selection tuple (after delay): ()
[2025-05-16 13:32:19.200] _perform_detail_update: No item selected. Clearing details panel.
[2025-05-16 13:32:19.200] _perform_detail_update finished.
[2025-05-16 13:32:21.806] Combobox <FocusOut>.
[2025-05-16 13:32:21.958] Resetting combobox_active flag to False.
[2025-05-16 13:32:33.285] Combobox <FocusIn>.
[2025-05-16 13:32:34.319] Combobox <FocusOut>.
[2025-05-16 13:32:34.470] Resetting combobox_active flag to False.
[2025-05-16 13:32:40.786] Combobox <<ComboboxSelected>>. Value: Resolved
[2025-05-16 13:32:40.786] Combobox <FocusIn>.
[2025-05-16 13:32:41.610] _on_listbox_select_debounced called.
[2025-05-16 13:32:41.612] Cancelled previous _perform_detail_update timer: after#5783
[2025-05-16 13:32:41.613] Scheduled _perform_detail_update in 50ms. ID: after#12970
[2025-05-16 13:32:41.614] Combobox <FocusOut>.
[2025-05-16 13:32:41.663] _perform_detail_update called (actual execution).
[2025-05-16 13:32:41.663] _perform_detail_update: Current selection tuple (after delay): (4,)
[2025-05-16 13:32:41.663] _perform_detail_update: Item selected: '3 | 2025-05-16 13:01:46 | ggggg | By: gsdfgsdfg' at index 4.
[2025-05-16 13:32:41.663] _perform_detail_update: Stored currently_selected_report_id_for_update: 3
[2025-05-16 13:32:41.664] _perform_detail_update: Details panel updated successfully for report.
[2025-05-16 13:32:41.664] _perform_detail_update finished.
[2025-05-16 13:32:41.765] Resetting combobox_active flag to False.
[2025-05-16 13:32:41.866] _on_listbox_select_debounced called.
[2025-05-16 13:32:41.866] Cancelled previous _perform_detail_update timer: after#12970
[2025-05-16 13:32:41.866] Scheduled _perform_detail_update in 50ms. ID: after#13131
[2025-05-16 13:32:41.916] _perform_detail_update called (actual execution).
[2025-05-16 13:32:41.917] _perform_detail_update: Current selection tuple (after delay): (3,)
[2025-05-16 13:32:41.919] _perform_detail_update: Item selected: '                         --- IN PROGRESS ---' at index 3.
[2025-05-16 13:32:41.920] _perform_detail_update: Selected item is a header. Displaying info message and clearing selection.
[2025-05-16 13:32:41.921] _perform_detail_update finished.
[2025-05-16 13:32:42.106] _on_listbox_select_debounced called.
[2025-05-16 13:32:42.107] Cancelled previous _perform_detail_update timer: after#13131
[2025-05-16 13:32:42.109] Scheduled _perform_detail_update in 50ms. ID: after#13200
[2025-05-16 13:32:42.158] _perform_detail_update called (actual execution).
[2025-05-16 13:32:42.159] _perform_detail_update: Current selection tuple (after delay): (2,)
[2025-05-16 13:32:42.159] _perform_detail_update: Item selected: '1 | 2025-05-16 12:58:55 | jfghjfghjfgh | By: jfghjfgh' at index 2.
[2025-05-16 13:32:42.159] _perform_detail_update: Stored currently_selected_report_id_for_update: 1
[2025-05-16 13:32:42.159] _perform_detail_update: Details panel updated successfully for report.
[2025-05-16 13:32:42.160] _perform_detail_update finished.
[2025-05-16 13:32:43.292] Combobox <FocusIn>.
[2025-05-16 13:32:43.298] Combobox <FocusOut>.
[2025-05-16 13:32:43.449] Resetting combobox_active flag to False.
[2025-05-16 13:32:44.490] Combobox <<ComboboxSelected>>. Value: Resolved
[2025-05-16 13:32:44.490] Combobox <FocusIn>.
[2025-05-16 13:32:44.491] _on_listbox_select_debounced called.
[2025-05-16 13:32:44.491] _on_listbox_select_debounced: Combobox is active and listbox selection is empty. IGNORING this selection event to prevent panel clear.
[2025-05-16 13:32:44.492] Cancelled previous _perform_detail_update timer: after#13200
[2025-05-16 13:32:44.492] Scheduled _perform_detail_update in 50ms. ID: after#13921
[2025-05-16 13:32:44.542] _perform_detail_update called (actual execution).
[2025-05-16 13:32:44.543] _perform_detail_update: Current selection tuple (after delay): ()
[2025-05-16 13:32:44.543] _perform_detail_update: No item selected. Clearing details panel.
[2025-05-16 13:32:44.543] _perform_detail_update finished.
[2025-05-16 13:32:45.838] Combobox <FocusOut>.
[2025-05-16 13:32:45.989] Resetting combobox_active flag to False.
[2025-05-16 13:33:09.755] Combobox <FocusIn>.
[2025-05-16 13:33:15.425] _on_listbox_select_debounced called.
[2025-05-16 13:33:15.426] Cancelled previous _perform_detail_update timer: after#13921
[2025-05-16 13:33:15.426] Scheduled _perform_detail_update in 50ms. ID: after#23885
[2025-05-16 13:33:15.426] Combobox <FocusOut>.
[2025-05-16 13:33:15.476] _perform_detail_update called (actual execution).
[2025-05-16 13:33:15.477] _perform_detail_update: Current selection tuple (after delay): (3,)
[2025-05-16 13:33:15.478] _perform_detail_update: Item selected: '                         --- IN PROGRESS ---' at index 3.
[2025-05-16 13:33:15.479] _perform_detail_update: Selected item is a header. Displaying info message and clearing selection.
[2025-05-16 13:33:15.480] _perform_detail_update finished.
[2025-05-16 13:33:15.576] Resetting combobox_active flag to False.
[2025-05-16 13:33:15.730] _on_listbox_select_debounced called.
[2025-05-16 13:33:15.730] Cancelled previous _perform_detail_update timer: after#23885
[2025-05-16 13:33:15.731] Scheduled _perform_detail_update in 50ms. ID: after#23966
[2025-05-16 13:33:15.782] _perform_detail_update called (actual execution).
[2025-05-16 13:33:15.782] _perform_detail_update: Current selection tuple (after delay): (1,)
[2025-05-16 13:33:15.782] _perform_detail_update: Item selected: '2 | 2025-05-16 12:59:57 | fghjfghjfg | By: hjfghjfghj' at index 1.
[2025-05-16 13:33:15.783] _perform_detail_update: Stored currently_selected_report_id_for_update: 2
[2025-05-16 13:33:15.783] _perform_detail_update: Details panel updated successfully for report.
[2025-05-16 13:33:15.783] _perform_detail_update finished.
[2025-05-16 13:33:16.169] _on_listbox_select_debounced called.
[2025-05-16 13:33:16.170] Cancelled previous _perform_detail_update timer: after#23966
[2025-05-16 13:33:16.170] Scheduled _perform_detail_update in 50ms. ID: after#24170
[2025-05-16 13:33:16.221] _perform_detail_update called (actual execution).
[2025-05-16 13:33:16.221] _perform_detail_update: Current selection tuple (after delay): (2,)
[2025-05-16 13:33:16.222] _perform_detail_update: Item selected: '1 | 2025-05-16 12:58:55 | jfghjfghjfgh | By: jfghjfgh' at index 2.
[2025-05-16 13:33:16.222] _perform_detail_update: Stored currently_selected_report_id_for_update: 1
[2025-05-16 13:33:16.222] _perform_detail_update: Details panel updated successfully for report.
[2025-05-16 13:33:16.222] _perform_detail_update finished.
[2025-05-16 13:33:17.617] _on_listbox_select_debounced called.
[2025-05-16 13:33:17.618] Cancelled previous _perform_detail_update timer: after#24170
[2025-05-16 13:33:17.618] Scheduled _perform_detail_update in 50ms. ID: after#24577
[2025-05-16 13:33:17.669] _perform_detail_update called (actual execution).
[2025-05-16 13:33:17.669] _perform_detail_update: Current selection tuple (after delay): (4,)
[2025-05-16 13:33:17.670] _perform_detail_update: Item selected: '3 | 2025-05-16 13:01:46 | ggggg | By: gsdfgsdfg' at index 4.
[2025-05-16 13:33:17.670] _perform_detail_update: Stored currently_selected_report_id_for_update: 3
[2025-05-16 13:33:17.670] _perform_detail_update: Details panel updated successfully for report.
[2025-05-16 13:33:17.671] _perform_detail_update finished.
[2025-05-16 13:33:18.169] _on_listbox_select_debounced called.
[2025-05-16 13:33:18.169] Cancelled previous _perform_detail_update timer: after#24577
[2025-05-16 13:33:18.170] Scheduled _perform_detail_update in 50ms. ID: after#24802
[2025-05-16 13:33:18.220] _perform_detail_update called (actual execution).
[2025-05-16 13:33:18.220] _perform_detail_update: Current selection tuple (after delay): (6,)
[2025-05-16 13:33:18.221] _perform_detail_update: Item selected: '4 | 2025-05-16 13:03:57 | ggggg | By: gsdgfsdfg' at index 6.
[2025-05-16 13:33:18.221] _perform_detail_update: Stored currently_selected_report_id_for_update: 4
[2025-05-16 13:33:18.221] _perform_detail_update: Details panel updated successfully for report.
[2025-05-16 13:33:18.221] _perform_detail_update finished.
[2025-05-16 13:33:49.249] Opening browse reports popup.
[2025-05-16 13:33:49.260] Populating reports listbox with status grouping and colors.
[2025-05-16 13:33:49.261] Finished populating listbox with grouped and colored items.
[2025-05-16 13:33:49.265] _perform_detail_update called (actual execution).
[2025-05-16 13:33:49.265] _perform_detail_update: Current selection tuple (after delay): ()
[2025-05-16 13:33:49.265] _perform_detail_update: No item selected. Clearing details panel.
[2025-05-16 13:33:49.266] _perform_detail_update finished.
[2025-05-16 13:36:18.246] BugReportManager initialized.
[2025-05-16 13:36:18.246] Attempting to load reports from bug_reports.json
[2025-05-16 13:36:18.247] Successfully loaded reports.
[2025-05-16 13:36:18.247] Loaded 4 bug reports.
[2025-05-16 13:36:19.065] Opening report submission popup.
[2025-05-16 13:36:20.281] Opening browse reports popup.
[2025-05-16 13:36:20.293] Populating reports listbox.
[2025-05-16 13:36:20.293] Inserting 4 items into listbox.
[2025-05-16 13:36:20.295] Finished populating listbox.
[2025-05-16 13:36:20.297] _perform_detail_update called (actual execution).
[2025-05-16 13:36:20.297] _perform_detail_update: Current selection tuple (after delay): ()
[2025-05-16 13:36:20.297] _perform_detail_update: No item selected. Clearing details panel.
[2025-05-16 13:36:20.298] _perform_detail_update finished.
[2025-05-16 13:36:21.263] _on_listbox_select_debounced called.
[2025-05-16 13:36:21.263] Scheduled _perform_detail_update in 50ms. ID: after#938
[2025-05-16 13:36:21.313] _perform_detail_update called (actual execution).
[2025-05-16 13:36:21.314] _perform_detail_update: Current selection tuple (after delay): (2,)
[2025-05-16 13:36:21.314] _perform_detail_update: Item selected at listbox index 2.
[2025-05-16 13:36:21.314] _perform_detail_update: Stored currently_selected_report_id_for_update: 2
[2025-05-16 13:36:21.315] _perform_detail_update: Details panel updated successfully.
[2025-05-16 13:36:21.315] _perform_detail_update finished.
[2025-05-16 13:36:21.633] _on_listbox_select_debounced called.
[2025-05-16 13:36:21.635] Cancelled previous _perform_detail_update timer: after#938
[2025-05-16 13:36:21.636] Scheduled _perform_detail_update in 50ms. ID: after#1069
[2025-05-16 13:36:21.686] _perform_detail_update called (actual execution).
[2025-05-16 13:36:21.687] _perform_detail_update: Current selection tuple (after delay): (1,)
[2025-05-16 13:36:21.688] _perform_detail_update: Item selected at listbox index 1.
[2025-05-16 13:36:21.689] _perform_detail_update: Stored currently_selected_report_id_for_update: 3
[2025-05-16 13:36:21.689] _perform_detail_update: Details panel updated successfully.
[2025-05-16 13:36:21.689] _perform_detail_update finished.
[2025-05-16 13:36:22.033] _on_listbox_select_debounced called.
[2025-05-16 13:36:22.034] Cancelled previous _perform_detail_update timer: after#1069
[2025-05-16 13:36:22.034] Scheduled _perform_detail_update in 50ms. ID: after#1185
[2025-05-16 13:36:22.084] _perform_detail_update called (actual execution).
[2025-05-16 13:36:22.085] _perform_detail_update: Current selection tuple (after delay): (0,)
[2025-05-16 13:36:22.085] _perform_detail_update: Item selected at listbox index 0.
[2025-05-16 13:36:22.085] _perform_detail_update: Stored currently_selected_report_id_for_update: 4
[2025-05-16 13:36:22.085] _perform_detail_update: Details panel updated successfully.
[2025-05-16 13:36:22.086] _perform_detail_update finished.
[2025-05-16 13:36:23.329] _on_listbox_select_debounced called.
[2025-05-16 13:36:23.329] Cancelled previous _perform_detail_update timer: after#1185
[2025-05-16 13:36:23.330] Scheduled _perform_detail_update in 50ms. ID: after#1610
[2025-05-16 13:36:23.380] _perform_detail_update called (actual execution).
[2025-05-16 13:36:23.381] _perform_detail_update: Current selection tuple (after delay): (3,)
[2025-05-16 13:36:23.382] _perform_detail_update: Item selected at listbox index 3.
[2025-05-16 13:36:23.383] _perform_detail_update: Stored currently_selected_report_id_for_update: 1
[2025-05-16 13:36:23.384] _perform_detail_update: Details panel updated successfully.
[2025-05-16 13:36:23.386] _perform_detail_update finished.
[2025-05-16 13:36:24.705] _on_listbox_select_debounced called.
[2025-05-16 13:36:24.707] Cancelled previous _perform_detail_update timer: after#1610
[2025-05-16 13:36:24.708] Scheduled _perform_detail_update in 50ms. ID: after#2042
[2025-05-16 13:36:24.759] _perform_detail_update called (actual execution).
[2025-05-16 13:36:24.760] _perform_detail_update: Current selection tuple (after delay): (2,)
[2025-05-16 13:36:24.761] _perform_detail_update: Item selected at listbox index 2.
[2025-05-16 13:36:24.762] _perform_detail_update: Stored currently_selected_report_id_for_update: 2
[2025-05-16 13:36:24.764] _perform_detail_update: Details panel updated successfully.
[2025-05-16 13:36:24.765] _perform_detail_update finished.
[2025-05-16 13:36:25.090] _on_listbox_select_debounced called.
[2025-05-16 13:36:25.092] Cancelled previous _perform_detail_update timer: after#2042
[2025-05-16 13:36:25.093] Scheduled _perform_detail_update in 50ms. ID: after#2175
[2025-05-16 13:36:25.143] _perform_detail_update called (actual execution).
[2025-05-16 13:36:25.144] _perform_detail_update: Current selection tuple (after delay): (1,)
[2025-05-16 13:36:25.145] _perform_detail_update: Item selected at listbox index 1.
[2025-05-16 13:36:25.147] _perform_detail_update: Stored currently_selected_report_id_for_update: 3
[2025-05-16 13:36:25.149] _perform_detail_update: Details panel updated successfully.
[2025-05-16 13:36:25.150] _perform_detail_update finished.
[2025-05-16 13:36:25.570] _on_listbox_select_debounced called.
[2025-05-16 13:36:25.571] Cancelled previous _perform_detail_update timer: after#2175
[2025-05-16 13:36:25.573] Scheduled _perform_detail_update in 50ms. ID: after#2336
[2025-05-16 13:36:25.623] _perform_detail_update called (actual execution).
[2025-05-16 13:36:25.623] _perform_detail_update: Current selection tuple (after delay): (0,)
[2025-05-16 13:36:25.624] _perform_detail_update: Item selected at listbox index 0.
[2025-05-16 13:36:25.625] _perform_detail_update: Stored currently_selected_report_id_for_update: 4
[2025-05-16 13:36:25.625] _perform_detail_update: Details panel updated successfully.
[2025-05-16 13:36:25.626] _perform_detail_update finished.
[2025-05-16 13:36:30.760] _delete_selected_report called.
[2025-05-16 13:36:30.761] Attempting to delete report ID: 4.
[2025-05-16 13:36:32.013] Removed report object with ID 4 from list.
[2025-05-16 13:36:32.014] Attempting to save reports to bug_reports.json
[2025-05-16 13:36:32.014] Successfully saved reports.
[2025-05-16 13:36:32.015] Reports saved after deletion.
[2025-05-16 13:36:32.015] Populating reports listbox.
[2025-05-16 13:36:32.016] Inserting 3 items into listbox.
[2025-05-16 13:36:32.016] Finished populating listbox.
[2025-05-16 13:36:32.016] Listbox repopulated after deletion.
[2025-05-16 13:36:32.016] _perform_detail_update called (actual execution).
[2025-05-16 13:36:32.017] _perform_detail_update: Current selection tuple (after delay): ()
[2025-05-16 13:36:32.017] _perform_detail_update: No item selected. Clearing details panel.
[2025-05-16 13:36:32.017] _perform_detail_update finished.
[2025-05-16 13:36:33.093] Report deletion successful.
[2025-05-16 13:36:34.050] _delete_selected_report called.
[2025-05-16 13:36:34.050] No report ID stored or selectable for deletion.
[2025-05-16 13:36:36.978] _on_listbox_select_debounced called.
[2025-05-16 13:36:36.978] Cancelled previous _perform_detail_update timer: after#2336
[2025-05-16 13:36:36.978] Scheduled _perform_detail_update in 50ms. ID: after#6034
[2025-05-16 13:36:37.028] _perform_detail_update called (actual execution).
[2025-05-16 13:36:37.029] _perform_detail_update: Current selection tuple (after delay): (0,)
[2025-05-16 13:36:37.030] _perform_detail_update: Item selected at listbox index 0.
[2025-05-16 13:36:37.032] _perform_detail_update: Stored currently_selected_report_id_for_update: 3
[2025-05-16 13:36:37.034] _perform_detail_update: Details panel updated successfully.
[2025-05-16 13:36:37.035] _perform_detail_update finished.
[2025-05-16 13:36:37.656] _delete_selected_report called.
[2025-05-16 13:36:37.657] Attempting to delete report ID: 3.
[2025-05-16 13:36:38.413] Removed report object with ID 3 from list.
[2025-05-16 13:36:38.413] Attempting to save reports to bug_reports.json
[2025-05-16 13:36:38.414] Successfully saved reports.
[2025-05-16 13:36:38.414] Reports saved after deletion.
[2025-05-16 13:36:38.414] Populating reports listbox.
[2025-05-16 13:36:38.414] Inserting 2 items into listbox.
[2025-05-16 13:36:38.415] Finished populating listbox.
[2025-05-16 13:36:38.415] Listbox repopulated after deletion.
[2025-05-16 13:36:38.415] _perform_detail_update called (actual execution).
[2025-05-16 13:36:38.415] _perform_detail_update: Current selection tuple (after delay): ()
[2025-05-16 13:36:38.416] _perform_detail_update: No item selected. Clearing details panel.
[2025-05-16 13:36:38.416] _perform_detail_update finished.
[2025-05-16 13:36:39.053] Report deletion successful.
[2025-05-16 13:36:39.586] _on_listbox_select_debounced called.
[2025-05-16 13:36:39.588] Cancelled previous _perform_detail_update timer: after#6034
[2025-05-16 13:36:39.589] Scheduled _perform_detail_update in 50ms. ID: after#6856
[2025-05-16 13:36:39.638] _perform_detail_update called (actual execution).
[2025-05-16 13:36:39.639] _perform_detail_update: Current selection tuple (after delay): (0,)
[2025-05-16 13:36:39.640] _perform_detail_update: Item selected at listbox index 0.
[2025-05-16 13:36:39.640] _perform_detail_update: Stored currently_selected_report_id_for_update: 2
[2025-05-16 13:36:39.640] _perform_detail_update: Details panel updated successfully.
[2025-05-16 13:36:39.641] _perform_detail_update finished.
[2025-05-16 13:36:40.505] _delete_selected_report called.
[2025-05-16 13:36:40.505] Attempting to delete report ID: 2.
[2025-05-16 13:36:41.117] Removed report object with ID 2 from list.
[2025-05-16 13:36:41.117] Attempting to save reports to bug_reports.json
[2025-05-16 13:36:41.118] Successfully saved reports.
[2025-05-16 13:36:41.118] Reports saved after deletion.
[2025-05-16 13:36:41.118] Populating reports listbox.
[2025-05-16 13:36:41.118] Inserting 1 items into listbox.
[2025-05-16 13:36:41.119] Finished populating listbox.
[2025-05-16 13:36:41.119] Listbox repopulated after deletion.
[2025-05-16 13:36:41.119] _perform_detail_update called (actual execution).
[2025-05-16 13:36:41.119] _perform_detail_update: Current selection tuple (after delay): ()
[2025-05-16 13:36:41.121] _perform_detail_update: No item selected. Clearing details panel.
[2025-05-16 13:36:41.121] _perform_detail_update finished.
[2025-05-16 13:36:42.733] Report deletion successful.
[2025-05-16 13:36:43.321] _on_listbox_select_debounced called.
[2025-05-16 13:36:43.323] Cancelled previous _perform_detail_update timer: after#6856
[2025-05-16 13:36:43.323] Scheduled _perform_detail_update in 50ms. ID: after#8067
[2025-05-16 13:36:43.374] _perform_detail_update called (actual execution).
[2025-05-16 13:36:43.374] _perform_detail_update: Current selection tuple (after delay): (0,)
[2025-05-16 13:36:43.375] _perform_detail_update: Item selected at listbox index 0.
[2025-05-16 13:36:43.375] _perform_detail_update: Stored currently_selected_report_id_for_update: 1
[2025-05-16 13:36:43.376] _perform_detail_update: Details panel updated successfully.
[2025-05-16 13:36:43.376] _perform_detail_update finished.
[2025-05-16 13:36:44.209] _delete_selected_report called.
[2025-05-16 13:36:44.210] Attempting to delete report ID: 1.
[2025-05-16 13:36:44.877] Removed report object with ID 1 from list.
[2025-05-16 13:36:44.878] Attempting to save reports to bug_reports.json
[2025-05-16 13:36:44.879] Successfully saved reports.
[2025-05-16 13:36:44.879] Reports saved after deletion.
[2025-05-16 13:36:44.879] Populating reports listbox.
[2025-05-16 13:36:44.880] Inserting 0 items into listbox.
[2025-05-16 13:36:44.880] Finished populating listbox.
[2025-05-16 13:36:44.880] Listbox repopulated after deletion.
[2025-05-16 13:36:44.880] _perform_detail_update called (actual execution).
[2025-05-16 13:36:44.881] _perform_detail_update: Current selection tuple (after delay): ()
[2025-05-16 13:36:44.881] _perform_detail_update: No item selected. Clearing details panel.
[2025-05-16 13:36:44.881] _perform_detail_update finished.
[2025-05-16 13:36:45.364] Report deletion successful.
[2025-05-16 13:36:56.203] BugReportManager initialized.
[2025-05-16 13:36:56.203] Attempting to load reports from bug_reports.json
[2025-05-16 13:36:56.204] Successfully loaded reports.
[2025-05-16 13:36:56.204] Loaded 0 bug reports.
[2025-05-16 13:36:57.665] Opening report submission popup.
[2025-05-16 13:36:58.906] Opening browse reports popup.
[2025-05-16 13:36:58.916] Populating reports listbox.
[2025-05-16 13:36:58.916] Inserting 0 items into listbox.
[2025-05-16 13:36:58.916] Finished populating listbox.
[2025-05-16 13:36:58.919] _perform_detail_update called (actual execution).
[2025-05-16 13:36:58.919] _perform_detail_update: Current selection tuple (after delay): ()
[2025-05-16 13:36:58.919] _perform_detail_update: No item selected. Clearing details panel.
[2025-05-16 13:36:58.920] _perform_detail_update finished.
[2025-05-16 13:37:06.024] Submit button clicked in submission popup.
[2025-05-16 13:37:06.025] Validation successful. Adding report.
[2025-05-16 13:37:06.025] Added new report with ID 1.
[2025-05-16 13:37:06.025] Attempting to save reports to bug_reports.json
[2025-05-16 13:37:06.026] Successfully saved reports.
[2025-05-16 13:37:06.925] Submission successful. Closing popup.
[2025-05-16 13:37:08.106] Opening report submission popup.
[2025-05-16 13:37:10.736] Opening browse reports popup.
[2025-05-16 13:37:10.748] Populating reports listbox.
[2025-05-16 13:37:10.748] Inserting 1 items into listbox.
[2025-05-16 13:37:10.748] Finished populating listbox.
[2025-05-16 13:37:10.751] _perform_detail_update called (actual execution).
[2025-05-16 13:37:10.751] _perform_detail_update: Current selection tuple (after delay): ()
[2025-05-16 13:37:10.751] _perform_detail_update: No item selected. Clearing details panel.
[2025-05-16 13:37:10.751] _perform_detail_update finished.
[2025-05-16 13:37:11.851] _on_listbox_select_debounced called.
[2025-05-16 13:37:11.851] Scheduled _perform_detail_update in 50ms. ID: after#5010
[2025-05-16 13:37:11.902] _perform_detail_update called (actual execution).
[2025-05-16 13:37:11.902] _perform_detail_update: Current selection tuple (after delay): (0,)
[2025-05-16 13:37:11.903] _perform_detail_update: Item selected at listbox index 0.
[2025-05-16 13:37:11.903] _perform_detail_update: Stored currently_selected_report_id_for_update: 1
[2025-05-16 13:37:11.904] _perform_detail_update: Details panel updated successfully.
[2025-05-16 13:37:11.904] _perform_detail_update finished.
[2025-05-16 13:37:14.969] _delete_selected_report called.
[2025-05-16 13:37:14.969] Attempting to delete report ID: 1.
[2025-05-16 13:37:15.893] Removed report object with ID 1 from list.
[2025-05-16 13:37:15.893] Attempting to save reports to bug_reports.json
[2025-05-16 13:37:15.894] Successfully saved reports.
[2025-05-16 13:37:15.894] Reports saved after deletion.
[2025-05-16 13:37:15.894] Populating reports listbox.
[2025-05-16 13:37:15.895] Inserting 0 items into listbox.
[2025-05-16 13:37:15.895] Finished populating listbox.
[2025-05-16 13:37:15.895] Listbox repopulated after deletion.
[2025-05-16 13:37:15.895] _perform_detail_update called (actual execution).
[2025-05-16 13:37:15.896] _perform_detail_update: Current selection tuple (after delay): ()
[2025-05-16 13:37:15.896] _perform_detail_update: No item selected. Clearing details panel.
[2025-05-16 13:37:15.896] _perform_detail_update finished.
[2025-05-16 13:37:15.896] Report deletion successful.
[2025-05-16 13:37:38.541] BugReportManager initialized.
[2025-05-16 13:37:38.541] Attempting to load reports from bug_reports.json
[2025-05-16 13:37:38.542] Successfully loaded reports.
[2025-05-16 13:37:38.542] Loaded 0 bug reports.
[2025-05-16 13:37:39.521] Opening report submission popup.
[2025-05-16 13:37:42.728] Submit button clicked in submission popup.
[2025-05-16 13:37:42.728] Validation successful. Adding report.
[2025-05-16 13:37:42.729] Added new report with ID 1.
[2025-05-16 13:37:42.729] Attempting to save reports to bug_reports.json
[2025-05-16 13:37:42.729] Successfully saved reports.
[2025-05-16 13:37:43.733] Submission successful. Closing popup.
[2025-05-16 13:37:44.729] Opening report submission popup.
[2025-05-16 13:37:47.321] Submit button clicked in submission popup.
[2025-05-16 13:37:47.321] Validation successful. Adding report.
[2025-05-16 13:37:47.322] Added new report with ID 2.
[2025-05-16 13:37:47.322] Attempting to save reports to bug_reports.json
[2025-05-16 13:37:47.323] Successfully saved reports.
[2025-05-16 13:37:48.309] Submission successful. Closing popup.
[2025-05-16 13:37:49.698] Opening report submission popup.
[2025-05-16 13:37:50.353] Opening browse reports popup.
[2025-05-16 13:37:50.364] Populating reports listbox.
[2025-05-16 13:37:50.364] Inserting 2 items into listbox.
[2025-05-16 13:37:50.365] Finished populating listbox.
[2025-05-16 13:37:50.367] _perform_detail_update called (actual execution).
[2025-05-16 13:37:50.367] _perform_detail_update: Current selection tuple (after delay): ()
[2025-05-16 13:37:50.368] _perform_detail_update: No item selected. Clearing details panel.
[2025-05-16 13:37:50.368] _perform_detail_update finished.
[2025-05-16 13:37:51.007] _on_listbox_select_debounced called.
[2025-05-16 13:37:51.007] Scheduled _perform_detail_update in 50ms. ID: after#4002
[2025-05-16 13:37:51.056] _perform_detail_update called (actual execution).
[2025-05-16 13:37:51.057] _perform_detail_update: Current selection tuple (after delay): (0,)
[2025-05-16 13:37:51.057] _perform_detail_update: Item selected at listbox index 0.
[2025-05-16 13:37:51.058] _perform_detail_update: Stored currently_selected_report_id_for_update: 2
[2025-05-16 13:37:51.058] _perform_detail_update: Details panel updated successfully.
[2025-05-16 13:37:51.058] _perform_detail_update finished.
[2025-05-16 13:37:51.825] _delete_selected_report called.
[2025-05-16 13:37:51.825] Attempting to delete report ID: 2.
[2025-05-16 13:37:51.825] Removed report object with ID 2 from list.
[2025-05-16 13:37:51.826] Attempting to save reports to bug_reports.json
[2025-05-16 13:37:51.827] Successfully saved reports.
[2025-05-16 13:37:51.827] Reports saved after deletion.
[2025-05-16 13:37:51.827] Populating reports listbox.
[2025-05-16 13:37:51.828] Inserting 1 items into listbox.
[2025-05-16 13:37:51.828] Finished populating listbox.
[2025-05-16 13:37:51.828] Listbox repopulated after deletion.
[2025-05-16 13:37:51.829] _perform_detail_update called (actual execution).
[2025-05-16 13:37:51.829] _perform_detail_update: Current selection tuple (after delay): ()
[2025-05-16 13:37:51.829] _perform_detail_update: No item selected. Clearing details panel.
[2025-05-16 13:37:51.829] _perform_detail_update finished.
[2025-05-16 13:37:51.830] Report deletion successful.
[2025-05-16 13:37:52.393] _on_listbox_select_debounced called.
[2025-05-16 13:37:52.395] Cancelled previous _perform_detail_update timer: after#4002
[2025-05-16 13:37:52.396] Scheduled _perform_detail_update in 50ms. ID: after#4473
[2025-05-16 13:37:52.447] _perform_detail_update called (actual execution).
[2025-05-16 13:37:52.447] _perform_detail_update: Current selection tuple (after delay): (0,)
[2025-05-16 13:37:52.448] _perform_detail_update: Item selected at listbox index 0.
[2025-05-16 13:37:52.448] _perform_detail_update: Stored currently_selected_report_id_for_update: 1
[2025-05-16 13:37:52.448] _perform_detail_update: Details panel updated successfully.
[2025-05-16 13:37:52.449] _perform_detail_update finished.
[2025-05-16 13:37:53.105] _delete_selected_report called.
[2025-05-16 13:37:53.105] Attempting to delete report ID: 1.
[2025-05-16 13:37:53.105] Removed report object with ID 1 from list.
[2025-05-16 13:37:53.106] Attempting to save reports to bug_reports.json
[2025-05-16 13:37:53.107] Successfully saved reports.
[2025-05-16 13:37:53.107] Reports saved after deletion.
[2025-05-16 13:37:53.108] Populating reports listbox.
[2025-05-16 13:37:53.108] Inserting 0 items into listbox.
[2025-05-16 13:37:53.108] Finished populating listbox.
[2025-05-16 13:37:53.108] Listbox repopulated after deletion.
[2025-05-16 13:37:53.108] _perform_detail_update called (actual execution).
[2025-05-16 13:37:53.108] _perform_detail_update: Current selection tuple (after delay): ()
[2025-05-16 13:37:53.109] _perform_detail_update: No item selected. Clearing details panel.
[2025-05-16 13:37:53.109] _perform_detail_update finished.
[2025-05-16 13:37:53.109] Report deletion successful.
